<?xml version="1.0" encoding="UTF-8"?>
<testsuites>
  <testsuite name="PrmiulTest" file="C:\OSPanel\domains\tester2\testele\test1.php" tests="1" assertions="1" errors="0" warnings="0" failures="0" skipped="0" time="0.026055">
    <testcase name="test" class="PrmiulTest" classname="PrmiulTest" file="C:\OSPanel\domains\tester2\testele\test1.php" line="4" assertions="1" time="0.026055"/>
  </testsuite>
</testsuites>
